[08:56:44] [ServerMain/INFO]: [bootstrap] Running Java 21 (OpenJDK 64-Bit Server VM 21.0.4+7-LTS; Amazon.com Inc. Corretto-21.0.4.7.1) on Windows 10 10.0 (amd64)
[08:56:44] [ServerMain/INFO]: [bootstrap] Loading Paper 1.21.1-85-master@c5a1066 (2024-09-19T14:47:47Z) for Minecraft 1.21.1
[08:56:44] [ServerMain/INFO]: [PluginInitializerManager] Initializing plugins...
[08:56:45] [ServerMain/INFO]: [PluginInitializerManager] Initialized 5 plugins
[08:56:45] [ServerMain/INFO]: [PluginInitializerManager] Paper plugins (2):
 - V2Hat (1.0), popcorn (3.3.4)
[08:56:45] [ServerMain/INFO]: [PluginInitializerManager] Bukkit plugins (3):
 - Essentials (2.21.0-dev+115-6157668), LuckPerms (5.4.141), Vault (1.7.3-b131)
[08:56:48] [ServerMain/INFO]: Environment: Environment[sessionHost=https://sessionserver.mojang.com, servicesHost=https://api.minecraftservices.com, name=PROD]
[08:56:48] [ServerMain/INFO]: Found new data pack file/bukkit, loading it automatically
[08:56:48] [ServerMain/INFO]: Found new data pack paper, loading it automatically
[08:56:49] [ServerMain/INFO]: No existing world data, creating new world
[08:56:49] [ServerMain/INFO]: Loaded 1290 recipes
[08:56:50] [ServerMain/INFO]: Loaded 1399 advancements
[08:56:50] [Server thread/INFO]: Starting minecraft server version 1.21.1
[08:56:50] [Server thread/INFO]: Loading properties
[08:56:50] [Server thread/INFO]: This server is running Paper version 1.21.1-85-master@c5a1066 (2024-09-19T14:47:47Z) (Implementing API version 1.21.1-R0.1-SNAPSHOT)
[08:56:51] [Server thread/INFO]: [spark] This server bundles the spark profiler. For more information please visit https://docs.papermc.io/paper/profiling
[08:56:51] [Server thread/INFO]: Server Ping Player Sample Count: 12
[08:56:51] [Server thread/INFO]: Using 4 threads for Netty based IO
[08:56:51] [Server thread/INFO]: [ChunkTaskScheduler] Chunk system is using 1 I/O threads, 2 worker threads, and population gen parallelism of 2 threads
[08:56:51] [Server thread/INFO]: Default game type: SURVIVAL
[08:56:51] [Server thread/INFO]: Generating keypair
[08:56:51] [Server thread/INFO]: Starting Minecraft server on *:25565
[08:56:51] [Server thread/INFO]: Using default channel type
[08:56:51] [Server thread/INFO]: Paper: Using Java compression from Velocity.
[08:56:51] [Server thread/INFO]: Paper: Using Java cipher from Velocity.
[08:56:52] [Server thread/INFO]: [LuckPerms] Loading server plugin LuckPerms v5.4.141
[08:56:52] [Server thread/INFO]: [Vault] Loading server plugin Vault v1.7.3-b131
[08:56:52] [Server thread/INFO]: [popcorn] Loading server plugin popcorn v3.3.4
[08:56:52] [Server thread/INFO]: [V2Hat] Loading server plugin V2Hat v1.0
[08:56:52] [Server thread/INFO]: [Essentials] Loading server plugin Essentials v2.21.0-dev+115-6157668
[08:56:52] [Server thread/INFO]: Server permissions file permissions.yml is empty, ignoring it
[08:56:52] [Server thread/INFO]: [LuckPerms] Enabling LuckPerms v5.4.141
[08:56:52] [Server thread/INFO]:         __    
[08:56:52] [Server thread/INFO]:   |    |__)   LuckPerms v5.4.141
[08:56:52] [Server thread/INFO]:   |___ |      Running on Bukkit - Paper
[08:56:52] [Server thread/INFO]: 
[08:56:52] [Server thread/INFO]: [LuckPerms] Loading configuration...
[08:56:52] [Server thread/INFO]: [LuckPerms] Loading storage provider... [H2]
[08:56:53] [Server thread/INFO]: [LuckPerms] Loading internal permission managers...
[08:56:53] [Server thread/INFO]: [LuckPerms] Performing initial data load...
[08:56:53] [Server thread/INFO]: [LuckPerms] Successfully enabled. (took 987ms)
[08:56:53] [Server thread/INFO]: [Vault] Enabling Vault v1.7.3-b131
[08:56:53] [Server thread/INFO]: [Vault] [Economy] Essentials Economy found: Waiting
[08:56:53] [Server thread/INFO]: [Vault] [Permission] SuperPermissions loaded as backup permission system.
[08:56:53] [Server thread/INFO]: [Vault] Enabled Version 1.7.3-b131
[08:56:53] [Server thread/INFO]: [LuckPerms] Registered Vault permission & chat hook.
[08:56:53] [Server thread/INFO]: [popcorn] Enabling popcorn v3.3.4
[08:56:53] [Server thread/INFO]: Preparing level "world"
[08:57:00] [Server thread/INFO]: Preparing start region for dimension minecraft:overworld
[08:57:02] [Server thread/INFO]: Time elapsed: 2674 ms
[08:57:02] [Server thread/INFO]: Preparing start region for dimension minecraft:the_nether
[08:57:03] [Server thread/INFO]: Time elapsed: 781 ms
[08:57:03] [Server thread/INFO]: Preparing start region for dimension minecraft:the_end
[08:57:04] [Server thread/INFO]: Time elapsed: 331 ms
[08:57:04] [Server thread/INFO]: [V2Hat] Enabling V2Hat v1.0
[08:57:04] [Server thread/INFO]: [Essentials] Enabling Essentials v2.21.0-dev+115-6157668
[08:57:05] [Server thread/INFO]: [Essentials] Attempting to convert old kits in config.yml to new kits.yml
[08:57:05] [Server thread/INFO]: [Essentials] No kits found to migrate.
[08:57:05] [Server thread/INFO]: [Essentials] Loaded 42679 items from items.json.
[08:57:05] [Server thread/INFO]: [Essentials] Using locale en_US
[08:57:05] [Server thread/INFO]: [Essentials] ServerListPingEvent: Spigot iterator API
[08:57:06] [Server thread/INFO]: [Essentials] Starting Metrics. Opt-out using the global bStats config.
[08:57:06] [Server thread/INFO]: [Vault] [Economy] Essentials Economy hooked.
[08:57:06] [Server thread/INFO]: [Essentials] Using Vault based permissions (LuckPerms)
[08:57:06] [Server thread/INFO]: [spark] Starting background profiler...
[08:57:06] [Server thread/INFO]: [spark] The async-profiler engine is not supported for your os/arch (windows10/amd64), so the built-in Java engine will be used instead.
[08:57:06] [Server thread/INFO]: Done preparing level "world" (12.801s)
[08:57:06] [Server thread/INFO]: Running delayed init tasks
[08:57:06] [Server thread/INFO]: [Essentials] Essentials found a compatible payment resolution method: Vault Compatibility Layer (v1.7.3-b131)!
[08:57:06] [Server thread/INFO]: Done (23.208s)! For help, type "help"
[08:57:06] [Server thread/INFO]: Timings Reset
[08:57:06] [Craft Scheduler Thread - 4 - Vault/INFO]: [Vault] Checking for Updates ... 
[08:57:06] [Craft Scheduler Thread - 3 - Essentials/INFO]: [Essentials] Fetching version information...
[08:57:06] [Craft Scheduler Thread - 4 - Vault/INFO]: [Vault] No new version available
[08:57:20] [User Authenticator #0/INFO]: UUID of player ringpolice is 676b8aea-e521-43a5-be6e-d79b6f55b05f
[08:57:21] [Server thread/INFO]: ringpolice joined the game
[08:57:21] [Server thread/INFO]: ringpolice[/127.0.0.1:63696] logged in with entity id 49 at ([world]6.5, 79.0, 1.5)
[08:57:29] [Server thread/INFO]: ringpolice issued server command: /hat
[08:57:37] [Server thread/INFO]: ringpolice issued server command: /hat
[09:01:07] [Server thread/INFO]: ringpolice issued server command: /hat
